<?xml version="1.0" encoding="UTF-8"?>
<!-- Generated by org.testng.reporters.JUnitReportReporter -->
<testsuite hostname="Chesschamp123" failures="0" tests="1" name="com.Salesforce.base.BaseSFfunctionality" time="14.926" errors="0" timestamp="2024-06-27T00:34:40 CDT" skipped="0">
  <testcase classname="com.Salesforce.base.BaseSFfunctionality" name="SfcommonUsermenu" time="14.926"/>
</testsuite> <!-- com.Salesforce.base.BaseSFfunctionality -->
