<?xml version="1.0" encoding="UTF-8"?>
<!-- Generated by org.testng.reporters.JUnitReportReporter -->
<testsuite hostname="Chesschamp123" failures="0" tests="1" name="com.Salesforce.test.SFCreateAccountTC10to14" time="27.028" errors="0" timestamp="2024-07-09T01:00:01 CDT" skipped="0">
  <testcase classname="com.Salesforce.test.SFCreateAccountTC10to14" name="TC14Createaccountreport" time="27.028"/>
</testsuite> <!-- com.Salesforce.test.SFCreateAccountTC10to14 -->
