<?xml version="1.0" encoding="UTF-8"?>
<!-- Generated by org.testng.reporters.JUnitReportReporter -->
<testsuite hostname="Chesschamp123" failures="0" tests="7" name="com.Salesforce.test.SfdcAutomation" time="86.609" errors="0" timestamp="2024-07-09T01:44:05 CDT" skipped="0">
  <testcase classname="com.Salesforce.test.SfdcAutomation" name="Sdfcloginpositive" time="12.017"/>
  <testcase classname="com.Salesforce.test.SfdcAutomation" name="Sfdcinvalidlogin" time="6.767"/>
  <testcase classname="com.Salesforce.test.SfdcAutomation" name="SfcommonLogin" time="13.763"/>
  <testcase classname="com.Salesforce.test.SfdcAutomation" name="SfdcInvalidUsernamePwd" time="5.096"/>
  <testcase classname="com.Salesforce.test.SfdcAutomation" name="SfcommonUsermenu" time="18.606"/>
  <testcase classname="com.Salesforce.test.SfdcAutomation" name="Sfdcrememberme" time="19.759"/>
  <testcase classname="com.Salesforce.test.SfdcAutomation" name="Sfdcforgotpwd" time="10.601"/>
</testsuite> <!-- com.Salesforce.test.SfdcAutomation -->
