<?xml version="1.0" encoding="UTF-8"?>
<!-- Generated by org.testng.reporters.JUnitReportReporter -->
<testsuite hostname="Chesschamp123" failures="0" tests="7" name="com.Salesforce.test.SfdcusermenuTC" time="182.557" errors="0" timestamp="2024-07-09T01:44:05 CDT" skipped="0">
  <testcase classname="com.Salesforce.test.SfdcusermenuTC" name="SfcommonUsermenu" time="17.747"/>
  <testcase classname="com.Salesforce.test.SfdcusermenuTC" name="SfusermenuMyprofile" time="44.661"/>
  <testcase classname="com.Salesforce.test.SfdcusermenuTC" name="SfcommonLogin" time="22.742"/>
  <testcase classname="com.Salesforce.test.SfdcusermenuTC" name="SfusermenuTC" time="21.904"/>
  <testcase classname="com.Salesforce.test.SfdcusermenuTC" name="Mysettingspersonallink" time="24.396"/>
  <testcase classname="com.Salesforce.test.SfdcusermenuTC" name="usermenulogoutTc09" time="26.611"/>
  <testcase classname="com.Salesforce.test.SfdcusermenuTC" name="DevloperConsole" time="24.496"/>
</testsuite> <!-- com.Salesforce.test.SfdcusermenuTC -->
