<?xml version="1.0" encoding="UTF-8"?>
<!-- Generated by org.testng.reporters.JUnitReportReporter -->
<testsuite hostname="Chesschamp123" failures="0" tests="1" name="com.Salesforce.test.SFTC33to37RandomScenarios" time="33.174" errors="0" timestamp="2024-07-09T01:35:31 CDT" skipped="0">
  <testcase classname="com.Salesforce.test.SFTC33to37RandomScenarios" name="TC34Verifyeditedlastname" time="33.174"/>
</testsuite> <!-- com.Salesforce.test.SFTC33to37RandomScenarios -->
